<?xml version="1.0" encoding="UTF-8"?>
<testng-results ignored="0" total="1" passed="1" failed="0" skipped="0">
  <reporter-output>
  </reporter-output>
  <suite started-at="2021-07-07T01:32:01 IST" name="Default suite" finished-at="2021-07-07T01:32:12 IST" duration-ms="10465">
    <groups>
    </groups>
    <test started-at="2021-07-07T01:32:01 IST" name="Default test" finished-at="2021-07-07T01:32:12 IST" duration-ms="10465">
      <class name="page_object_test.Loginapplication">
        <test-method signature="Login()[pri:0, instance:page_object_test.Loginapplication@30ee2816]" started-at="2021-07-07T01:32:01 IST" name="Login" finished-at="2021-07-07T01:32:12 IST" duration-ms="10376" status="PASS">
          <reporter-output>
          </reporter-output>
        </test-method> <!-- Login -->
      </class> <!-- page_object_test.Loginapplication -->
    </test> <!-- Default test -->
  </suite> <!-- Default suite -->
</testng-results>
